<?xml version="1.0" encoding="UTF-8"?>
<testng-results ignored="0" total="4" passed="4" failed="0" skipped="0">
  <reporter-output>
  </reporter-output>
  <suite started-at="2024-11-25T01:46:15 EET" name="Suite" finished-at="2024-11-25T01:46:34 EET" duration-ms="18481">
    <groups>
    </groups>
    <test started-at="2024-11-25T01:46:15 EET" name="Test" finished-at="2024-11-25T01:46:34 EET" duration-ms="18481">
      <class name="api.test.UserTests">
        <test-method is-config="true" signature="setupData()[pri:0, instance:api.test.UserTests@217ed35e]" started-at="2024-11-25T01:46:15 EET" name="setupData" finished-at="2024-11-25T01:46:16 EET" duration-ms="563" status="PASS">
          <reporter-output>
          </reporter-output>
        </test-method> <!-- setupData -->
        <test-method signature="testPostUser()[pri:1, instance:api.test.UserTests@217ed35e]" started-at="2024-11-25T01:46:16 EET" name="testPostUser" finished-at="2024-11-25T01:46:22 EET" duration-ms="6499" status="PASS">
          <reporter-output>
          </reporter-output>
        </test-method> <!-- testPostUser -->
        <test-method signature="testGetUserByName()[pri:2, instance:api.test.UserTests@217ed35e]" started-at="2024-11-25T01:46:22 EET" name="testGetUserByName" finished-at="2024-11-25T01:46:23 EET" duration-ms="887" status="PASS">
          <reporter-output>
          </reporter-output>
        </test-method> <!-- testGetUserByName -->
        <test-method signature="testUpdateUserByName()[pri:3, instance:api.test.UserTests@217ed35e]" started-at="2024-11-25T01:46:23 EET" name="testUpdateUserByName" finished-at="2024-11-25T01:46:29 EET" duration-ms="6100" status="PASS">
          <reporter-output>
          </reporter-output>
        </test-method> <!-- testUpdateUserByName -->
        <test-method signature="testDeleteUserByName()[pri:4, instance:api.test.UserTests@217ed35e]" started-at="2024-11-25T01:46:29 EET" name="testDeleteUserByName" finished-at="2024-11-25T01:46:34 EET" duration-ms="4262" status="PASS">
          <reporter-output>
          </reporter-output>
        </test-method> <!-- testDeleteUserByName -->
      </class> <!-- api.test.UserTests -->
    </test> <!-- Test -->
  </suite> <!-- Suite -->
</testng-results>
