<?xml version="1.0" encoding="UTF-8"?>
<!-- Generated by org.testng.reporters.JUnitXMLReporter -->
<testsuite ignored="0" hostname="DESKTOP-BL5APCA" failures="0" tests="4" name="Test" time="18.481" errors="0" timestamp="2024-11-25T01:46:34 EET">
  <testcase classname="api.test.UserTests" name="testPostUser" time="6.499"/>
  <testcase classname="api.test.UserTests" name="testGetUserByName" time="0.887"/>
  <testcase classname="api.test.UserTests" name="testUpdateUserByName" time="6.1"/>
  <testcase classname="api.test.UserTests" name="testDeleteUserByName" time="4.262"/>
</testsuite> <!-- Test -->
