<?xml version="1.0" encoding="UTF-8"?>
<!-- Generated by org.testng.reporters.JUnitXMLReporter -->
<testsuite ignored="0" hostname="DESKTOP-BL5APCA" failures="0" tests="4" name="PetTest" time="14.471" errors="0" timestamp="2024-11-25T01:04:15 EET">
  <testcase classname="api.test.UserTests" name="testPostUser" time="2.041"/>
  <testcase classname="api.test.UserTests" name="testGetUserByName" time="1.354"/>
  <testcase classname="api.test.UserTests" name="testUpdateUserByName" time="5.429"/>
  <testcase classname="api.test.UserTests" name="testDeleteUserByName" time="5.013"/>
</testsuite> <!-- PetTest -->
