<?xml version="1.0" encoding="UTF-8"?>
<!-- Generated by org.testng.reporters.JUnitXMLReporter -->
<testsuite ignored="0" hostname="DESKTOP-BL5APCA" failures="0" tests="4" name="Default test" time="5.394" errors="0" timestamp="2024-11-25T00:45:20 EET">
  <testcase classname="api.test.UserTests2" name="testPostUser" time="1.918"/>
  <testcase classname="api.test.UserTests2" name="testGetUserByName" time="0.723"/>
  <testcase classname="api.test.UserTests2" name="testUpdateUserByName" time="1.427"/>
  <testcase classname="api.test.UserTests2" name="testDeleteUserByName" time="0.737"/>
</testsuite> <!-- Default test -->
